<?xml version="1.0" encoding="UTF-8"?>
<testsuite name="com.telRan.addressbook.tests.GroupCreationTests" tests="1" skipped="0" failures="0" errors="0" timestamp="2018-11-08T17:51:17" hostname="Gran15-PC" time="3.04">
  <properties/>
  <testcase name="testGroupCreation" classname="com.telRan.addressbook.tests.GroupCreationTests" time="3.04"/>
  <system-out><![CDATA[]]></system-out>
  <system-err><![CDATA[]]></system-err>
</testsuite>
