<?xml version="1.0" encoding="UTF-8"?>
<testsuite name="com.telRan.addressbook.tests.GroupDeletionTest" tests="1" skipped="0" failures="0" errors="0" timestamp="2018-11-08T18:10:32" hostname="Gran15-PC" time="0.443">
  <properties/>
  <testcase name="testGroupDeletion" classname="com.telRan.addressbook.tests.GroupDeletionTest" time="0.443"/>
  <system-out><![CDATA[]]></system-out>
  <system-err><![CDATA[]]></system-err>
</testsuite>
